The system is: Windows - 10.0.19044 - AMD64
Compiling the C compiler identification source file "CMakeCCompilerId.c" succeeded.
Compiler:  
Build flags: 
Id flags:  

The output was:
0
MSBuild version 17.3.1+2badb37d1 for .NET Framework
Vytváření sestavení bylo zahájeno 11.12.2022 17:35:11.
Projekt D:\FAV\3.rocnikZS\ZOS\sp\prace\zos_sp\build\CMakeFiles\3.22.1\CompilerIdC\CompilerIdC.vcxproj v uzlu 1 (výchozí cíle).
PrepareForBuild:
  Probíhá vytváření adresáře Debug\.
  Probíhá vytváření adresáře Debug\CompilerIdC.tlog\.
InitializeBuildStatus:
  Probíhá vytváření souboru Debug\CompilerIdC.tlog\unsuccessfulbuild v důsledku zadání AlwaysCreate.
ClCompile:
  D:\programfiles\MicrosoftVisualStudio\2022\Community\VC\Tools\MSVC\14.33.31629\bin\HostX64\x64\CL.exe /c /nologo /W0 /WX- /diagnostics:column /Od /D _MBCS /Gm- /EHsc /RTC1 /MDd /GS /fp:precise /Zc:wchar_t /Zc:forScope /Zc:inline /Fo"Debug\\" /Fd"Debug\vc143.pdb" /external:W0 /Gd /TC /FC /errorReport:queue CMakeCCompilerId.c
  CMakeCCompilerId.c
Link:
  D:\programfiles\MicrosoftVisualStudio\2022\Community\VC\Tools\MSVC\14.33.31629\bin\HostX64\x64\link.exe /ERRORREPORT:QUEUE /OUT:".\CompilerIdC.exe" /INCREMENTAL:NO /NOLOGO kernel32.lib user32.lib gdi32.lib winspool.lib comdlg32.lib advapi32.lib shell32.lib ole32.lib oleaut32.lib uuid.lib odbc32.lib odbccp32.lib /MANIFEST /MANIFESTUAC:"level='asInvoker' uiAccess='false'" /manifest:embed /PDB:".\CompilerIdC.pdb" /SUBSYSTEM:CONSOLE /TLBID:1 /DYNAMICBASE /NXCOMPAT /IMPLIB:".\CompilerIdC.lib" /MACHINE:X64 Debug\CMakeCCompilerId.obj
  CompilerIdC.vcxproj -> D:\FAV\3.rocnikZS\ZOS\sp\prace\zos_sp\build\CMakeFiles\3.22.1\CompilerIdC\CompilerIdC.exe
PostBuildEvent:
  for %%i in (cl.exe) do @echo CMAKE_C_COMPILER=%%~$PATH:i
  :VCEnd
  CMAKE_C_COMPILER=D:\programfiles\MicrosoftVisualStudio\2022\Community\VC\Tools\MSVC\14.33.31629\bin\Hostx64\x64\cl.exe
FinalizeBuildStatus:
  Probíhá odstraňování souboru Debug\CompilerIdC.tlog\unsuccessfulbuild.
  Probíhá aktualizace časového razítka pro Debug\CompilerIdC.tlog\CompilerIdC.lastbuildstate.
Sestavení projektu D:\FAV\3.rocnikZS\ZOS\sp\prace\zos_sp\build\CMakeFiles\3.22.1\CompilerIdC\CompilerIdC.vcxproj (s výchozími cíli) bylo dokončeno.

Vytváření sestavení bylo úspěšně dokončeno.
    0 upozornění
    Počet chyb: 0

Uplynulý čas 00:00:03.40


Compilation of the C compiler identification source "CMakeCCompilerId.c" produced "CompilerIdC.exe"

Compilation of the C compiler identification source "CMakeCCompilerId.c" produced "CompilerIdC.vcxproj"

The C compiler identification is MSVC, found in "D:/FAV/3.rocnikZS/ZOS/sp/prace/zos_sp/build/CMakeFiles/3.22.1/CompilerIdC/CompilerIdC.exe"

Detecting C compiler ABI info compiled with the following output:
Change Dir: D:/FAV/3.rocnikZS/ZOS/sp/prace/zos_sp/build/CMakeFiles/CMakeTmp

Run Build Command(s):D:/programfiles/MicrosoftVisualStudio/2022/Community/MSBuild/Current/Bin/amd64/MSBuild.exe cmTC_baf46.vcxproj /p:Configuration=Debug /p:Platform=x64 /p:VisualStudioVersion=17.0 /v:m && MSBuild version 17.3.1+2badb37d1 for .NET Framework
  Optimalizující kompilátor C/C++ společnosti Microsoft (R) verze 19.33.31630 pro procesory x64
  CMakeCCompilerABI.c
  Copyright (C) Microsoft Corporation. Všechna práva vyhrazena.
  cl /c /Zi /W1 /WX- /diagnostics:column /Od /Ob0 /D _MBCS /D WIN32 /D _WINDOWS /D "CMAKE_INTDIR=\"Debug\"" /Gm- /RTC1 /MDd /GS /fp:precise /Zc:wchar_t /Zc:forScope /Zc:inline /Fo"cmTC_baf46.dir\Debug\\" /Fd"cmTC_baf46.dir\Debug\vc143.pdb" /external:W1 /Gd /TC /errorReport:queue "D:\programfiles\Cmake\share\cmake-3.22\Modules\CMakeCCompilerABI.c"
  cmTC_baf46.vcxproj -> D:\FAV\3.rocnikZS\ZOS\sp\prace\zos_sp\build\CMakeFiles\CMakeTmp\Debug\cmTC_baf46.exe



